<?xml version="1.0" encoding="UTF-8"?>
<testsuite name="com.example.project.CalculatorTest" tests="10" skipped="0" failures="0" errors="0" timestamp="2024-09-26T12:46:59" hostname="codespaces-9960d9" time="0.154">
  <properties/>
  <testcase name="testDivisibleByFalse()" classname="com.example.project.CalculatorTest" time="0.052"/>
  <testcase name="testInfo()" classname="com.example.project.CalculatorTest" time="0.044"/>
  <testcase name="testDivisibleByTrue()" classname="com.example.project.CalculatorTest" time="0.003"/>
  <testcase name="testCoordinatePair()" classname="com.example.project.CalculatorTest" time="0.019"/>
  <testcase name="testPerformOperationMultiplication()" classname="com.example.project.CalculatorTest" time="0.003"/>
  <testcase name="testPerformOperationNone()" classname="com.example.project.CalculatorTest" time="0.003"/>
  <testcase name="testPerformOperationAddition()" classname="com.example.project.CalculatorTest" time="0.003"/>
  <testcase name="testPerformOperationSubtraction()" classname="com.example.project.CalculatorTest" time="0.001"/>
  <testcase name="testAbsoluteValue()" classname="com.example.project.CalculatorTest" time="0.001"/>
  <testcase name="testPerformOperationDivision()" classname="com.example.project.CalculatorTest" time="0.001"/>
  <system-out><![CDATA[]]></system-out>
  <system-err><![CDATA[]]></system-err>
</testsuite>
